Updating package repository...

WARNING: apt does not have a stable CLI interface. Use with caution in scripts.

Get:1 http://security.ubuntu.com/ubuntu focal-security InRelease [128 kB]
Hit:2 http://archive.ubuntu.com/ubuntu focal InRelease
Get:3 http://archive.ubuntu.com/ubuntu focal-updates InRelease [128 kB]
Get:4 http://archive.ubuntu.com/ubuntu focal-backports InRelease [128 kB]
Fetched 383 kB in 3s (113 kB/s)
Reading package lists...
Building dependency tree...
Reading state information...
54 packages can be upgraded. Run 'apt list --upgradable' to see them.
Installing git...

WARNING: apt does not have a stable CLI interface. Use with caution in scripts.

Reading package lists...
Building dependency tree...
Reading state information...
git is already the newest version (1:2.25.1-1ubuntu3.14).
git set to manually installed.
0 upgraded, 0 newly installed, 0 to remove and 54 not upgraded.
git installed successfully.
Installing curl...

WARNING: apt does not have a stable CLI interface. Use with caution in scripts.

Reading package lists...
Building dependency tree...
Reading state information...
curl is already the newest version (7.68.0-1ubuntu2.25).
0 upgraded, 0 newly installed, 0 to remove and 54 not upgraded.
curl installed successfully.
Installing wget...

WARNING: apt does not have a stable CLI interface. Use with caution in scripts.

Reading package lists...
Building dependency tree...
Reading state information...
wget is already the newest version (1.20.3-1ubuntu2.1).
wget set to manually installed.
0 upgraded, 0 newly installed, 0 to remove and 54 not upgraded.
wget installed successfully.
Installing vim...

WARNING: apt does not have a stable CLI interface. Use with caution in scripts.

Reading package lists...
Building dependency tree...
Reading state information...
vim is already the newest version (2:8.1.2269-1ubuntu5.32).
vim set to manually installed.
0 upgraded, 0 newly installed, 0 to remove and 54 not upgraded.
vim installed successfully.
Installation process completed.
